;; File              : sync-exclude.lst
;; Author            : Anton Riedel <anton.riedel@tum.de>
;; Date              : 26.04.2020
;; Last Modified Date: 26.04.2020
;; Last Modified By  : Anton Riedel <anton.riedel@tum.de>
*~
~$*
.~lock.*
~*.tmp
]*.~*
]Icon\r*
].DS_Store
].ds_store
._*
]Thumbs.db
System Volume Information
.*.sw?
.*.*sw?
].TemporaryItems
].Trashes
].DocumentRevisions-V100
].Trash-*
.fseventd
.apdisk
.directory
*.part
*.filepart
*.crdownload
*.kate-swp
*.gnucash.tmp-*
.synkron.*
.sync.ffs_db
.symform
.symform-store
.fuse_hidden*
*.unison
.nfs*
My Saved Places.
\#*#
].git*
].ipynb*
]tags*
].out*
].o*
].clangd
]compile_commands.json
*autosave*
